<?xml version="1.0" encoding="UTF-8"?>
<!-- Generated by org.testng.reporters.JUnitXMLReporter -->
<testsuite ignored="3" hostname="SHUBHAM-PC" failures="0" tests="2" name="Test(failed)(failed)" time="0.084" errors="0" timestamp="2023-06-16T02:28:58 PDT">
  <testcase classname="TestNG.exa8" name="TC4" time="0.016"/>
  <testcase classname="TestNG.exa8" name="TC5" time="0.0"/>
  <testcase classname="TestNG.exa8" name="TC3" time="0.0">
    <ignored/>
  </testcase> <!-- TC3 -->
  <testcase classname="TestNG.exa8" name="TC2" time="0.0">
    <ignored/>
  </testcase> <!-- TC2 -->
  <testcase classname="TestNG.exa8" name="TC1" time="0.0">
    <ignored/>
  </testcase> <!-- TC1 -->
</testsuite> <!-- Test(failed)(failed) -->
