<?xml version="1.0" encoding="UTF-8"?>
<!-- Generated by org.testng.reporters.JUnitXMLReporter -->
<testsuite ignored="0" hostname="SHUBHAM-PC" failures="1" tests="1" name="Test4" time="0.227" errors="0" timestamp="2023-06-18T04:09:47 PDT">
  <testcase classname="TestNG.Multibrowsertesting3" name="browserTesting" time="0.079">
    <failure type="java.lang.NullPointerException">
      <![CDATA[java.lang.NullPointerException
at TestNG.Multibrowsertesting3.browserTesting(Multibrowsertesting3.java:35)
at java.base/java.util.ArrayList.forEach(ArrayList.java:1541)
at java.base/java.util.concurrent.FutureTask.run(FutureTask.java:264)
at java.base/java.util.concurrent.ThreadPoolExecutor.runWorker(ThreadPoolExecutor.java:1128)
at java.base/java.util.concurrent.ThreadPoolExecutor$Worker.run(ThreadPoolExecutor.java:628)
at java.base/java.lang.Thread.run(Thread.java:834)
... Removed 18 stack frames]]>
    </failure>
  </testcase> <!-- browserTesting -->
</testsuite> <!-- Test4 -->
