<?xml version="1.0" encoding="UTF-8"?>
<testng-results ignored="0" total="3" passed="2" failed="1" skipped="0">
  <reporter-output>
  </reporter-output>
  <suite started-at="2023-07-05T10:16:22 PDT" name="MultibrowserTesting" finished-at="2023-07-05T10:17:04 PDT" duration-ms="42123">
    <groups>
    </groups>
    <test started-at="2023-07-05T10:16:22 PDT" name="Test3" finished-at="2023-07-05T10:16:22 PDT" duration-ms="112">
      <class name="TestNG.Multibrowser_testing2">
        <test-method signature="Tc1(java.lang.String)[pri:0, instance:TestNG.Multibrowser_testing2@48f278eb]" started-at="2023-07-05T10:16:22 PDT" name="Tc1" finished-at="2023-07-05T10:16:22 PDT" duration-ms="0" status="FAIL">
          <exception class="org.testng.TestNGException">
            <message>
              <![CDATA[
Parameter 'browserName' is required by @Test on method Tc1 but has not been marked @Optional or defined
in C:\Users\shubham\eclipse-workspace\selenium_proj\multibrowserTestingpart2.xml]]>
            </message>
            <full-stacktrace>
              <![CDATA[org.testng.TestNGException: 
Parameter 'browserName' is required by @Test on method Tc1 but has not been marked @Optional or defined
in C:\Users\shubham\eclipse-workspace\selenium_proj\multibrowserTestingpart2.xml
at org.testng.internal.Parameters.createParams(Parameters.java:270)
at org.testng.internal.Parameters.createParametersForMethod(Parameters.java:358)
at org.testng.internal.Parameters.createParameters(Parameters.java:700)
at org.testng.internal.Parameters.handleParameters(Parameters.java:884)
at org.testng.internal.Parameters.handleParameters(Parameters.java:740)
at org.testng.internal.ParameterHandler.handleParameters(ParameterHandler.java:59)
at org.testng.internal.ParameterHandler.createParameters(ParameterHandler.java:38)
at org.testng.internal.TestInvoker$MethodInvocationAgent.invoke(TestInvoker.java:791)
at org.testng.internal.TestInvoker.invokeTestMethods(TestInvoker.java:146)
at org.testng.internal.TestMethodWorker.invokeTestMethods(TestMethodWorker.java:146)
at org.testng.internal.TestMethodWorker.run(TestMethodWorker.java:128)
at java.base/java.util.ArrayList.forEach(ArrayList.java:1541)
at org.testng.TestRunner.privateRun(TestRunner.java:794)
at org.testng.TestRunner.run(TestRunner.java:596)
at org.testng.SuiteRunner.runTest(SuiteRunner.java:377)
at org.testng.SuiteRunner.access$000(SuiteRunner.java:28)
at org.testng.SuiteRunner$SuiteWorker.run(SuiteRunner.java:418)
at org.testng.internal.thread.ThreadUtil.lambda$execute$0(ThreadUtil.java:64)
at java.base/java.util.concurrent.FutureTask.run(FutureTask.java:264)
at java.base/java.util.concurrent.ThreadPoolExecutor.runWorker(ThreadPoolExecutor.java:1128)
at java.base/java.util.concurrent.ThreadPoolExecutor$Worker.run(ThreadPoolExecutor.java:628)
at java.base/java.lang.Thread.run(Thread.java:834)
]]>
            </full-stacktrace>
          </exception> <!-- org.testng.TestNGException -->
          <reporter-output>
          </reporter-output>
        </test-method> <!-- Tc1 -->
      </class> <!-- TestNG.Multibrowser_testing2 -->
    </test> <!-- Test3 -->
    <test started-at="2023-07-05T10:16:22 PDT" name="Test1" finished-at="2023-07-05T10:16:52 PDT" duration-ms="30302">
      <class name="TestNG.Multibrowsertesting3">
        <test-method signature="browserTesting(java.lang.String)[pri:0, instance:TestNG.Multibrowsertesting3@66498326]" started-at="2023-07-05T10:16:22 PDT" name="browserTesting" finished-at="2023-07-05T10:16:52 PDT" duration-ms="30183" status="PASS">
          <params>
            <param index="0">
              <value>
                <![CDATA[Chrome]]>
              </value>
            </param>
          </params>
          <reporter-output>
          </reporter-output>
        </test-method> <!-- browserTesting -->
      </class> <!-- TestNG.Multibrowsertesting3 -->
    </test> <!-- Test1 -->
    <test started-at="2023-07-05T10:16:22 PDT" name="Test2" finished-at="2023-07-05T10:17:04 PDT" duration-ms="42123">
      <class name="TestNG.Multibrowsertesting3">
        <test-method signature="browserTesting(java.lang.String)[pri:0, instance:TestNG.Multibrowsertesting3@47987356]" started-at="2023-07-05T10:16:22 PDT" name="browserTesting" finished-at="2023-07-05T10:17:04 PDT" duration-ms="42002" status="PASS">
          <params>
            <param index="0">
              <value>
                <![CDATA[Edge]]>
              </value>
            </param>
          </params>
          <reporter-output>
          </reporter-output>
        </test-method> <!-- browserTesting -->
      </class> <!-- TestNG.Multibrowsertesting3 -->
    </test> <!-- Test2 -->
  </suite> <!-- MultibrowserTesting -->
</testng-results>
